17767
9158
39017
18547
56401
23807
37962
22764
7977
31949
64358
64965
65334
64439
65082
64872
65238
64648
65371
65184
65435
65449
65495
65463
65490
65508
65458
65174
65496
65373
65531
65488
65505
65500
65516
65474
65486
65430
65467
65527
65532
65535
65519
65515
65499
65534
65521
65515
65529
65479
65531
65516
65529
65506
65529
65533
65532
65528
65534
65526
65528
65530
65535
65534
65535
65534
65535
65534
65532
65519
65530
65534
65533
65534
65535
65535
65525
65528
65532
65535
65534
65533
65535
65534
65535
65527
65533
65528
65532
65525
65531
65534
65535
65535
65529
65531
65533
65533
65532
65535
